/sbin/tini \
-- yugabyted start \
--background=false \
--join node1.yb_net

python /usr/local/bin/yugabyted start \
--background=false \
--join node1.yb_net

/home/yugabyte/bin/yb-master \
--stop_on_parent_termination \
--undefok=stop_on_parent_termination \
--fs_data_dirs=/root/var/data \
--webserver_interface=172.22.0.3 \
--metrics_snapshotter_tserver_metrics_whitelist=handler_latency_yb_tserver_TabletServerService_Read_count,handler_latency_yb_tserver_TabletServerService_Write_count,handler_latency_yb_tserver_TabletServerService_Read_sum,handler_latency_yb_tserver_TabletServerService_Write_sum,disk_usage,cpu_usage,node_up \
--yb_num_shards_per_tserver=1 \
--ysql_num_shards_per_tserver=1 \
--placement_cloud=cloud1 \
--placement_region=datacenter1 \
--placement_zone=rack1 \
--rpc_bind_addresses=172.22.0.3:7100 \
--server_broadcast_addresses=172.22.0.3:7100 \
--replication_factor=1 \
--use_initial_sys_catalog_snapshot \
--server_dump_info_path=/root/var/data/master-info \
--master_enable_metrics_snapshotter=true \
--webserver_port=7000 \
--default_memory_limit_to_ram_ratio=0.35 \
--instance_uuid_override=bc78db636e0b495289bbdc145ad4a50e

root        93     7  1 03:40 ?        00:01:55 /home/yugabyte/bin/yb-tserver \
--stop_on_parent_termination \
--undefok=stop_on_parent_termination \
--fs_data_dirs=/root/var/data \
--webserver_interface=172.22.0.3 \
--metrics_snapshotter_tserver_metrics_whitelist=handler_latency_yb_tserver_TabletServerService_Read_count,handler_latency_yb_tserver_TabletServerService_Write_count,handler_latency_yb_tserver_TabletServerService_Read_sum,handler_latency_yb_tserver_TabletServerService_Write_sum,disk_usage,cpu_usage,node_up \
--yb_num_shards_per_tserver=1 \
--ysql_num_shards_per_tserver=1 \
--placement_cloud=cloud1 \
--placement_region=datacenter1 \
--placement_zone=rack1 \
--rpc_bind_addresses=172.22.0.3:9100 \
--server_broadcast_addresses=172.22.0.3:9100 \
--cql_proxy_bind_address=172.22.0.3:9042 \
--server_dump_info_path=/root/var/data/tserver-info \
--start_pgsql_proxy \
--pgsql_proxy_bind_address=172.22.0.3:5433 \
--tserver_enable_metrics_snapshotter=true \
--metrics_snapshotter_interval_ms=11000 \
--webserver_port=9000 \
--default_memory_limit_to_ram_ratio=0.6 \
--instance_uuid_override=5caabdf9726c43f381a259ff385665ef \
--start_redis_proxy=false \
--tserver_master_addrs=172.22.0.3:7100,172.22.0.2:7100

/home/yugabyte/postgres/bin/postgres -D /root/var/data/pg_data -p 5433 -h 172.22.0.3 -k /tmp/.yb.172.22.0.3:5433 -c unix_socket_permissions=0700 -c logging_collector=on -c log_directory=/root/var/data/yb-data/tserver/logs -c yb_pg_metrics.node_name=node2:9000 -c yb_pg_metrics.port=13000 -c config_file=/root/var/data/pg_data/ysql_pg.conf -c hba_file=/root/var/data/pg_data/ysql_hba.conf

root       208     7  0 03:40 ?        00:00:06 /home/yugabyte/bin/yugabyted-ui -database_host=172.22.0.3
root       209   194  0 03:40 ?        00:00:00 postgres: logger   
root       216   194  0 03:40 ?        00:00:01 postgres: YSQL webserver   
root       219   194  0 03:40 ?        00:00:00 postgres: checkpointer   
root       220   194  0 03:40 ?        00:00:00 postgres: stats collector   
root     20201     0  1 05:34 pts/0    00:00:00 bash
root     20219 20201  0 05:34 pts/0    00:00:00 ps -ef
